<?xml version="1.0" encoding="UTF-8"?>
<testng-results skipped="0" failed="0" ignored="0" total="1" passed="1">
  <reporter-output>
  </reporter-output>
  <suite name="Default suite" duration-ms="27026" started-at="2020-02-11T05:09:17Z" finished-at="2020-02-11T05:09:44Z">
    <groups>
    </groups>
    <test name="Default test" duration-ms="27026" started-at="2020-02-11T05:09:17Z" finished-at="2020-02-11T05:09:44Z">
      <class name="spectrumLoginFactory.SpectrumLogin">
        <test-method status="PASS" signature="spectrumLoginPage()[pri:0, instance:spectrumLoginFactory.SpectrumLogin@cb5822]" name="spectrumLoginPage" duration-ms="26991" started-at="2020-02-11T05:09:17Z" finished-at="2020-02-11T05:09:44Z">
          <reporter-output>
          </reporter-output>
        </test-method> <!-- spectrumLoginPage -->
      </class> <!-- spectrumLoginFactory.SpectrumLogin -->
    </test> <!-- Default test -->
  </suite> <!-- Default suite -->
</testng-results>
