<?xml version="1.0" encoding="UTF-8"?>
<!-- Generated by org.testng.reporters.JUnitXMLReporter -->
<testsuite hostname="Biplab" ignored="0" name="Test" tests="3" failures="0" timestamp="24 Jan 2020 04:31:30 GMT" time="34.759" errors="0">
  <testcase name="checkValidUser" time="15.184" classname="facebookTestCases.VerifyFacebookFactory"/>
  <testcase name="verifyValidLogin" time="10.009" classname="facebookTestCases.ParametarizFacebookLogin"/>
  <testcase name="verifyValidLogin" time="9.531" classname="facebookTestCases.VerifyFacebookLogin"/>
</testsuite> <!-- Test -->
